<?xml version="1.0" encoding="UTF-8"?>
<!-- Generated by org.testng.reporters.JUnitReportReporter -->
<testsuite hostname="DESKTOP-JCKBNFB" failures="0" tests="3" name="TestNGStudy.EnabledStudy" time="0.014" errors="0" timestamp="2022-03-23T02:51:01 IST" skipped="1">
  <testcase classname="TestNGStudy.EnabledStudy" name="a" time="0.012"/>
  <system-out>
    <![CDATA[running A method]]>
  </system-out>
  <testcase classname="TestNGStudy.EnabledStudy" name="b" time="0.002"/>
  <system-out>
    <![CDATA[running b method]]>
  </system-out>
  <testcase classname="TestNGStudy.EnabledStudy" name="c">
    <skipped/>
  </testcase> <!-- c -->
  <system-out/>
</testsuite> <!-- TestNGStudy.EnabledStudy -->
