<?xml version="1.0" encoding="UTF-8"?>
<!-- Generated by org.testng.reporters.JUnitReportReporter -->
<testsuite hostname="DESKTOP-JCKBNFB" failures="0" tests="2" name="Testngxmlstudy.Myclass" time="0.014" errors="0" timestamp="2022-03-28T21:34:48 IST" skipped="0">
  <testcase classname="Testngxmlstudy.Myclass" name="TC2" time="0.002"/>
  <system-out>
    <![CDATA[Running Tc2]]>
  </system-out>
  <testcase classname="Testngxmlstudy.Myclass" name="TC1" time="0.012"/>
  <system-out>
    <![CDATA[Running Tc1]]>
  </system-out>
</testsuite> <!-- Testngxmlstudy.Myclass -->
