<?xml version="1.0" encoding="UTF-8"?>
<!-- Generated by org.testng.reporters.JUnitReportReporter -->
<testsuite hostname="DESKTOP-JCKBNFB" failures="0" tests="3" name="Testngxmlstudy.Test123" time="0.015" errors="0" timestamp="2022-03-28T22:13:43 IST" skipped="0">
  <testcase classname="Testngxmlstudy.Test123" name="TC10" time="0.011"/>
  <system-out>
    <![CDATA[Running Tc10]]>
  </system-out>
  <testcase classname="Testngxmlstudy.Test123" name="TC6" time="0.002"/>
  <system-out>
    <![CDATA[Running Tc6]]>
  </system-out>
  <testcase classname="Testngxmlstudy.Test123" name="TC9" time="0.002"/>
  <system-out>
    <![CDATA[Running Tc9]]>
  </system-out>
</testsuite> <!-- Testngxmlstudy.Test123 -->
