<?xml version="1.0" encoding="UTF-8"?>
<!-- Generated by org.testng.reporters.JUnitReportReporter -->
<testsuite hostname="DESKTOP-JCKBNFB" failures="0" tests="3" name="TestNGStudy.NewTest" time="0.018" errors="0" timestamp="2022-03-17T18:17:05 IST" skipped="0">
  <testcase classname="TestNGStudy.NewTest" name="firstprogram" time="0.006"/>
  <system-out/>
  <testcase classname="TestNGStudy.NewTest" name="f" time="0.002"/>
  <system-out/>
  <testcase classname="TestNGStudy.NewTest" name="addition" time="0.010"/>
  <system-out/>
</testsuite> <!-- TestNGStudy.NewTest -->
