<?xml version="1.0" encoding="UTF-8"?>
<!-- Generated by org.testng.reporters.JUnitReportReporter -->
<testsuite hostname="DESKTOP-JCKBNFB" failures="0" tests="1" name="Softassert.softassertstudy" time="0.029" errors="0" timestamp="2022-03-25T11:37:58 IST" skipped="0">
  <testcase classname="Softassert.softassertstudy" name="mymethod1" time="0.029"/>
  <system-out/>
</testsuite> <!-- Softassert.softassertstudy -->
