<?xml version="1.0" encoding="UTF-8"?>
<!-- Generated by org.testng.reporters.JUnitReportReporter -->
<testsuite hostname="DESKTOP-JCKBNFB" failures="0" tests="3" name="SerailAndParallel.ParallelExecution" time="0.054" errors="0" timestamp="2022-03-24T09:09:38 IST" skipped="0">
  <testcase classname="SerailAndParallel.ParallelExecution" name="f" time="0.018"/>
  <system-out/>
  <testcase classname="SerailAndParallel.ParallelExecution" name="f" time="0.018"/>
  <system-out/>
  <testcase classname="SerailAndParallel.ParallelExecution" name="f" time="0.018"/>
  <system-out/>
</testsuite> <!-- SerailAndParallel.ParallelExecution -->
