<?xml version="1.0" encoding="UTF-8"?>
<!-- Generated by org.testng.reporters.JUnitReportReporter -->
<testsuite hostname="DESKTOP-JCKBNFB" failures="0" tests="5" name="Myclass.NewTest" time="0.029" errors="0" timestamp="2022-03-22T15:03:00 IST" skipped="0">
  <testcase classname="Myclass.NewTest" name="TC5" time="0.002"/>
  <system-out>
    <![CDATA[Running Tc5]]>
  </system-out>
  <testcase classname="Myclass.NewTest" name="TC3" time="0.002"/>
  <system-out>
    <![CDATA[Running Tc3]]>
  </system-out>
  <testcase classname="Myclass.NewTest" name="TC4" time="0.002"/>
  <system-out>
    <![CDATA[Running Tc4]]>
  </system-out>
  <testcase classname="Myclass.NewTest" name="TC2" time="0.004"/>
  <system-out>
    <![CDATA[Running Tc2]]>
  </system-out>
  <testcase classname="Myclass.NewTest" name="TC1" time="0.019"/>
  <system-out>
    <![CDATA[Running Tc1]]>
  </system-out>
</testsuite> <!-- Myclass.NewTest -->
