<?xml version="1.0" encoding="UTF-8"?>
<!-- Generated by org.testng.reporters.JUnitReportReporter -->
<testsuite hostname="DESKTOP-JCKBNFB" failures="0" tests="1" name="SerailAndParallel.SerailAndParallel2" time="37.040" errors="0" timestamp="2022-03-28T22:33:58 IST" skipped="0">
  <testcase classname="SerailAndParallel.SerailAndParallel2" name="Mymethod1" time="37.040"/>
  <system-out/>
</testsuite> <!-- SerailAndParallel.SerailAndParallel2 -->
