<?xml version="1.0" encoding="UTF-8"?>
<!-- Generated by org.testng.reporters.JUnitReportReporter -->
<testsuite hostname="DESKTOP-JCKBNFB" failures="0" tests="3" name="TestNGStudy.Annotationstudy1" time="0.019" errors="0" timestamp="2022-03-23T02:33:16 IST" skipped="0">
  <testcase classname="TestNGStudy.Annotationstudy1" name="b" time="0.002"/>
  <system-out>
    <![CDATA[running b METHOD]]>
  </system-out>
  <testcase classname="TestNGStudy.Annotationstudy1" name="c" time="0.002"/>
  <system-out>
    <![CDATA[running C METHOD]]>
  </system-out>
  <testcase classname="TestNGStudy.Annotationstudy1" name="a" time="0.015"/>
  <system-out>
    <![CDATA[Runnning A METHOD]]>
  </system-out>
</testsuite> <!-- TestNGStudy.Annotationstudy1 -->
