<?xml version="1.0" encoding="UTF-8"?>
<!-- Generated by org.testng.reporters.JUnitReportReporter -->
<testsuite hostname="DESKTOP-JCKBNFB" failures="0" tests="3" name="SerailAndParallel.SerialAndParallel" time="0.015" errors="0" timestamp="2022-03-24T20:29:39 IST" skipped="0">
  <testcase classname="SerailAndParallel.SerialAndParallel" name="f" time="0.012"/>
  <system-out/>
  <testcase classname="SerailAndParallel.SerialAndParallel" name="f" time="0.001"/>
  <system-out/>
  <testcase classname="SerailAndParallel.SerialAndParallel" name="f" time="0.002"/>
  <system-out/>
</testsuite> <!-- SerailAndParallel.SerialAndParallel -->
