<?xml version="1.0" encoding="UTF-8"?>
<!-- Generated by org.testng.reporters.JUnitReportReporter -->
<testsuite hostname="DESKTOP-JCKBNFB" failures="0" tests="1" name="SerailAndParallel.SerialAndParallel1" time="22.063" errors="0" timestamp="2022-03-28T22:35:02 IST" skipped="0">
  <testcase classname="SerailAndParallel.SerialAndParallel1" name="Mymethod1" time="22.063"/>
  <system-out/>
</testsuite> <!-- SerailAndParallel.SerialAndParallel1 -->
