<?xml version="1.0" encoding="UTF-8"?>
<!-- Generated by org.testng.reporters.JUnitReportReporter -->
<testsuite hostname="DESKTOP-JCKBNFB" failures="0" tests="2" name="TestNGStudy.annotationstudy" time="0.012" errors="0" timestamp="2022-03-23T00:56:58 IST" skipped="0">
  <testcase classname="TestNGStudy.annotationstudy" name="ValidateUserid" time="0.009"/>
  <system-out>
    <![CDATA[running test]]>
  </system-out>
  <testcase classname="TestNGStudy.annotationstudy" name="sampleTest" time="0.003"/>
  <system-out>
    <![CDATA[running sample]]>
  </system-out>
</testsuite> <!-- TestNGStudy.annotationstudy -->
